[INFO] Scanning for projects...
[INFO] 
[INFO] --------------------< com.petcare:petcare-backend >---------------------
[INFO] Building petcare-backend 0.0.1-SNAPSHOT
[INFO]   from pom.xml
[INFO] --------------------------------[ jar ]---------------------------------
[INFO] 
[INFO] >>> spring-boot:3.5.0:run (default-cli) > test-compile @ petcare-backend >>>
[INFO] 
[INFO] --- resources:3.3.1:resources (default-resources) @ petcare-backend ---
[INFO] Copying 1 resource from src\main\resources to target\classes
[INFO] Copying 0 resource from src\main\resources to target\classes
[INFO] 
[INFO] --- compiler:3.14.0:compile (default-compile) @ petcare-backend ---
[INFO] Nothing to compile - all classes are up to date.
[INFO] 
[INFO] --- resources:3.3.1:testResources (default-testResources) @ petcare-backend ---
[INFO] skip non existing resourceDirectory C:\Users\MSI\Desktop\PetCare-Tracer\backend\petcare-backend\src\test\resources
[INFO] 
[INFO] --- compiler:3.14.0:testCompile (default-testCompile) @ petcare-backend ---
[INFO] Nothing to compile - all classes are up to date.
[INFO] 
[INFO] <<< spring-boot:3.5.0:run (default-cli) < test-compile @ petcare-backend <<<
[INFO] 
[INFO] 
[INFO] --- spring-boot:3.5.0:run (default-cli) @ petcare-backend ---
[INFO] Attaching agents: []

  .   ____          _            __ _ _
 /\\ / ___'_ __ _ _(_)_ __  __ _ \ \ \ \
( ( )\___ | '_ | '_| | '_ \/ _` | \ \ \ \
 \\/  ___)| |_)| | | | | || (_| |  ) ) ) )
  '  |____| .__|_| |_|_| |_\__, | / / / /
 =========|_|==============|___/=/_/_/_/

 :: Spring Boot ::                (v3.5.0)

2026-05-15T11:15:41.044+03:00  INFO 14484 --- [petcare-backend] [  restartedMain] c.p.PetcareBackendApplication            : Starting PetcareBackendApplication using Java 17.0.12 with PID 14484 (C:\Users\MSI\Desktop\PetCare-Tracer\backend\petcare-backend\target\classes started by MSI in C:\Users\MSI\Desktop\PetCare-Tracer\backend\petcare-backend)
2026-05-15T11:15:41.046+03:00  INFO 14484 --- [petcare-backend] [  restartedMain] c.p.PetcareBackendApplication            : No active profile set, falling back to 1 default profile: "default"
2026-05-15T11:15:41.081+03:00  INFO 14484 --- [petcare-backend] [  restartedMain] .e.DevToolsPropertyDefaultsPostProcessor : Devtools property defaults active! Set 'spring.devtools.add-properties' to 'false' to disable
2026-05-15T11:15:41.081+03:00  INFO 14484 --- [petcare-backend] [  restartedMain] .e.DevToolsPropertyDefaultsPostProcessor : For additional web related logging consider setting the 'logging.level.web' property to 'DEBUG'
2026-05-15T11:15:41.848+03:00  INFO 14484 --- [petcare-backend] [  restartedMain] o.s.b.w.embedded.tomcat.TomcatWebServer  : Tomcat initialized with port 8080 (http)
2026-05-15T11:15:41.857+03:00  INFO 14484 --- [petcare-backend] [  restartedMain] o.apache.catalina.core.StandardService   : Starting service [Tomcat]
2026-05-15T11:15:41.858+03:00  INFO 14484 --- [petcare-backend] [  restartedMain] o.apache.catalina.core.StandardEngine    : Starting Servlet engine: [Apache Tomcat/10.1.41]
2026-05-15T11:15:41.889+03:00  INFO 14484 --- [petcare-backend] [  restartedMain] o.a.c.c.C.[Tomcat].[localhost].[/]       : Initializing Spring embedded WebApplicationContext
2026-05-15T11:15:41.890+03:00  INFO 14484 --- [petcare-backend] [  restartedMain] w.s.c.ServletWebServerApplicationContext : Root WebApplicationContext: initialization completed in 808 ms
2026-05-15T11:15:42.205+03:00  INFO 14484 --- [petcare-backend] [  restartedMain] o.s.b.d.a.OptionalLiveReloadServer       : LiveReload server is running on port 35729
2026-05-15T11:15:42.222+03:00  INFO 14484 --- [petcare-backend] [  restartedMain] o.s.b.w.embedded.tomcat.TomcatWebServer  : Tomcat started on port 8080 (http) with context path '/'
2026-05-15T11:15:42.228+03:00  INFO 14484 --- [petcare-backend] [  restartedMain] c.p.PetcareBackendApplication            : Started PetcareBackendApplication in 1.471 seconds (process running for 1.671)
2026-05-15T11:17:39.396+03:00  INFO 14484 --- [petcare-backend] [nio-8080-exec-1] o.a.c.c.C.[Tomcat].[localhost].[/]       : Initializing Spring DispatcherServlet 'dispatcherServlet'
2026-05-15T11:17:39.397+03:00  INFO 14484 --- [petcare-backend] [nio-8080-exec-1] o.s.web.servlet.DispatcherServlet        : Initializing Servlet 'dispatcherServlet'
2026-05-15T11:17:39.398+03:00  INFO 14484 --- [petcare-backend] [nio-8080-exec-1] o.s.web.servlet.DispatcherServlet        : Completed initialization in 1 ms
2026-05-15T11:17:39.456+03:00  INFO 14484 --- [petcare-backend] [nio-8080-exec-1] com.zaxxer.hikari.HikariDataSource       : HikariPool-1 - Starting...
2026-05-15T11:17:39.525+03:00  INFO 14484 --- [petcare-backend] [nio-8080-exec-1] com.zaxxer.hikari.pool.HikariPool        : HikariPool-1 - Added connection org.postgresql.jdbc.PgConnection@1589f246
2026-05-15T11:17:39.526+03:00  INFO 14484 --- [petcare-backend] [nio-8080-exec-1] com.zaxxer.hikari.HikariDataSource       : HikariPool-1 - Start completed.
2026-05-15T11:34:34.261+03:00  WARN 14484 --- [petcare-backend] [nio-8080-exec-4] .m.m.a.ExceptionHandlerExceptionResolver : Resolved [org.springframework.web.servlet.resource.NoResourceFoundException: No static resource favicon.ico.]
2026-05-15T11:42:37.916+03:00  INFO 14484 --- [petcare-backend] [   File Watcher] rtingClassPathChangeChangedEventListener : Restarting due to 37 class path changes (0 additions, 36 deletions, 1 modification)
2026-05-15T11:42:37.919+03:00  INFO 14484 --- [petcare-backend] [       Thread-5] o.s.b.w.e.tomcat.GracefulShutdown        : Commencing graceful shutdown. Waiting for active requests to complete
2026-05-15T11:42:38.095+03:00  INFO 14484 --- [petcare-backend] [tomcat-shutdown] o.s.b.w.e.tomcat.GracefulShutdown        : Graceful shutdown complete
2026-05-15T11:42:38.099+03:00  INFO 14484 --- [petcare-backend] [       Thread-5] com.zaxxer.hikari.HikariDataSource       : HikariPool-1 - Shutdown initiated...
2026-05-15T11:42:38.101+03:00  INFO 14484 --- [petcare-backend] [       Thread-5] com.zaxxer.hikari.HikariDataSource       : HikariPool-1 - Shutdown completed.

  .   ____          _            __ _ _
 /\\ / ___'_ __ _ _(_)_ __  __ _ \ \ \ \
( ( )\___ | '_ | '_| | '_ \/ _` | \ \ \ \
 \\/  ___)| |_)| | | | | || (_| |  ) ) ) )
  '  |____| .__|_| |_|_| |_\__, | / / / /
 =========|_|==============|___/=/_/_/_/

 :: Spring Boot ::                (v3.5.0)

2026-05-15T11:42:38.149+03:00  INFO 14484 --- [petcare-backend] [  restartedMain] c.p.PetcareBackendApplication            : Starting PetcareBackendApplication using Java 17.0.12 with PID 14484 (C:\Users\MSI\Desktop\PetCare-Tracer\backend\petcare-backend\target\classes started by MSI in C:\Users\MSI\Desktop\PetCare-Tracer\backend\petcare-backend)
2026-05-15T11:42:38.149+03:00  INFO 14484 --- [petcare-backend] [  restartedMain] c.p.PetcareBackendApplication            : No active profile set, falling back to 1 default profile: "default"
2026-05-15T11:42:38.382+03:00  INFO 14484 --- [petcare-backend] [  restartedMain] o.s.b.w.embedded.tomcat.TomcatWebServer  : Tomcat initialized with port 8080 (http)
2026-05-15T11:42:38.383+03:00  INFO 14484 --- [petcare-backend] [  restartedMain] o.apache.catalina.core.StandardService   : Starting service [Tomcat]
2026-05-15T11:42:38.383+03:00  INFO 14484 --- [petcare-backend] [  restartedMain] o.apache.catalina.core.StandardEngine    : Starting Servlet engine: [Apache Tomcat/10.1.41]
2026-05-15T11:42:38.391+03:00  INFO 14484 --- [petcare-backend] [  restartedMain] o.a.c.c.C.[Tomcat].[localhost].[/]       : Initializing Spring embedded WebApplicationContext
2026-05-15T11:42:38.391+03:00  INFO 14484 --- [petcare-backend] [  restartedMain] w.s.c.ServletWebServerApplicationContext : Root WebApplicationContext: initialization completed in 240 ms
2026-05-15T11:42:38.502+03:00  INFO 14484 --- [petcare-backend] [  restartedMain] o.s.b.d.a.OptionalLiveReloadServer       : LiveReload server is running on port 35729
2026-05-15T11:42:38.508+03:00  INFO 14484 --- [petcare-backend] [  restartedMain] o.s.b.w.embedded.tomcat.TomcatWebServer  : Tomcat started on port 8080 (http) with context path '/'
2026-05-15T11:42:38.511+03:00  INFO 14484 --- [petcare-backend] [  restartedMain] c.p.PetcareBackendApplication            : Started PetcareBackendApplication in 0.381 seconds (process running for 1617.952)
2026-05-15T11:42:38.512+03:00  INFO 14484 --- [petcare-backend] [  restartedMain] .ConditionEvaluationDeltaLoggingListener : Condition evaluation unchanged
2026-05-15T11:42:39.954+03:00  INFO 14484 --- [petcare-backend] [   File Watcher] rtingClassPathChangeChangedEventListener : Restarting due to 63 class path changes (36 additions, 0 deletions, 27 modifications)
2026-05-15T11:42:39.956+03:00  INFO 14484 --- [petcare-backend] [       Thread-7] o.s.b.w.e.tomcat.GracefulShutdown        : Commencing graceful shutdown. Waiting for active requests to complete
2026-05-15T11:42:40.201+03:00  INFO 14484 --- [petcare-backend] [tomcat-shutdown] o.s.b.w.e.tomcat.GracefulShutdown        : Graceful shutdown complete

  .   ____          _            __ _ _
 /\\ / ___'_ __ _ _(_)_ __  __ _ \ \ \ \
( ( )\___ | '_ | '_| | '_ \/ _` | \ \ \ \
 \\/  ___)| |_)| | | | | || (_| |  ) ) ) )
  '  |____| .__|_| |_|_| |_\__, | / / / /
 =========|_|==============|___/=/_/_/_/

 :: Spring Boot ::                (v3.5.0)

2026-05-15T11:42:40.246+03:00  INFO 14484 --- [petcare-backend] [  restartedMain] c.p.PetcareBackendApplication            : Starting PetcareBackendApplication using Java 17.0.12 with PID 14484 (C:\Users\MSI\Desktop\PetCare-Tracer\backend\petcare-backend\target\classes started by MSI in C:\Users\MSI\Desktop\PetCare-Tracer\backend\petcare-backend)
2026-05-15T11:42:40.246+03:00  INFO 14484 --- [petcare-backend] [  restartedMain] c.p.PetcareBackendApplication            : No active profile set, falling back to 1 default profile: "default"
2026-05-15T11:42:40.384+03:00  INFO 14484 --- [petcare-backend] [  restartedMain] o.s.b.w.embedded.tomcat.TomcatWebServer  : Tomcat initialized with port 8080 (http)
2026-05-15T11:42:40.384+03:00  INFO 14484 --- [petcare-backend] [  restartedMain] o.apache.catalina.core.StandardService   : Starting service [Tomcat]
2026-05-15T11:42:40.384+03:00  INFO 14484 --- [petcare-backend] [  restartedMain] o.apache.catalina.core.StandardEngine    : Starting Servlet engine: [Apache Tomcat/10.1.41]
2026-05-15T11:42:40.394+03:00  INFO 14484 --- [petcare-backend] [  restartedMain] o.a.c.c.C.[Tomcat].[localhost].[/]       : Initializing Spring embedded WebApplicationContext
2026-05-15T11:42:40.394+03:00  INFO 14484 --- [petcare-backend] [  restartedMain] w.s.c.ServletWebServerApplicationContext : Root WebApplicationContext: initialization completed in 147 ms
2026-05-15T11:42:40.479+03:00  INFO 14484 --- [petcare-backend] [  restartedMain] o.s.b.d.a.OptionalLiveReloadServer       : LiveReload server is running on port 35729
2026-05-15T11:42:40.485+03:00  INFO 14484 --- [petcare-backend] [  restartedMain] o.s.b.w.embedded.tomcat.TomcatWebServer  : Tomcat started on port 8080 (http) with context path '/'
2026-05-15T11:42:40.488+03:00  INFO 14484 --- [petcare-backend] [  restartedMain] c.p.PetcareBackendApplication            : Started PetcareBackendApplication in 0.256 seconds (process running for 1619.93)
2026-05-15T11:42:40.489+03:00  INFO 14484 --- [petcare-backend] [  restartedMain] .ConditionEvaluationDeltaLoggingListener : Condition evaluation unchanged
